  Reading Qt configuration (C:\Qt\5.14.2\msvc2017_64\bin\qmake.exe)
  Generate moc_predefs.h
  Uic'ing game_options.ui...
  Uic'ing maingame.ui...
  Uic'ing mainmenu.ui...
  Uic'ing team_select.ui...
  Uic'ing wincondition.ui...
  Moc'ing game_options.h...
  Moc'ing maingame.h...
  Moc'ing mainmenu.h...
  Moc'ing team_select.h...
  Moc'ing wincondition.h...
  Dice.cpp
  Error_Handeling.cpp
  Game.cpp
  Prime_Number.cpp
C:\Users\Danyaal\Documents\SEM2\Error_Handeling.cpp(14): warning C4715: 'set_if_valid_number': not all control paths return a value
  Randomiser.cpp
  Team.cpp
  game_options.cpp
  main.cpp
  maingame.cpp
  mainmenu.cpp
  team_select.cpp
  wincondition.cpp
  moc_game_options.cpp
  moc_maingame.cpp
  moc_mainmenu.cpp
  moc_team_select.cpp
  moc_wincondition.cpp
  SEM2.vcxproj -> C:\Users\Danyaal\Documents\SEM2\debug\SEM2.exe
